\BOOKMARK [1][-]{section*.1}{\376\377\000D\000i\000m\000e\000n\000s\000i\000o\000n\000a\000l\000i\000t\000y\000\040\000R\000e\000d\000u\000c\000t\000i\000o\000n\000\040\000u\000s\000i\000n\000g\000\040\000P\000C\000A}{}% 1
\BOOKMARK [1][-]{section*.3}{\376\377\000R\000e\000c\000o\000n\000s\000t\000r\000u\000c\000t\000i\000o\000n\000\040\000E\000r\000r\000o\000r}{}% 2
\BOOKMARK [2][-]{section*.4}{\376\377\000p\000a\000r\000t\000\040\0001}{section*.3}% 3
\BOOKMARK [2][-]{section*.5}{\376\377\000p\000a\000r\000t\000\040\0002}{section*.3}% 4
\BOOKMARK [1][-]{section*.6}{\376\377\000M\000i\000x\000t\000u\000r\000e\000\040\000M\000o\000d\000e\000l\000s}{}% 5
\BOOKMARK [2][-]{section*.7}{\376\377\000I\000n\000t\000r\000o\000d\000u\000c\000t\000i\000o\000n\000\040\000t\000o\000\040\000M\000i\000x\000t\000u\000r\000e\000\040\000M\000o\000d\000e\000l\000s}{section*.6}% 6
\BOOKMARK [2][-]{section*.8}{\376\377\000M\000i\000x\000t\000u\000r\000e\000\040\000M\000o\000d\000e\000l\000s\000\040\000f\000o\000r\000\040\000s\000p\000e\000c\000i\000f\000i\000c\000\040\000d\000i\000s\000t\000r\000i\000b\000u\000t\000i\000o\000n}{section*.6}% 7
\BOOKMARK [1][-]{section*.10}{\376\377\000E\000M\000\040\000A\000l\000g\000o\000r\000i\000t\000h\000m\000\040\000f\000o\000r\000\040\000G\000M\000M\000\040\000a\000n\000d\000\040\000C\000M\000M}{}% 8
\BOOKMARK [2][-]{section*.11}{\376\377\000E\000M\000\040\000f\000o\000r\000\040\000G\000a\000u\000s\000s\000i\000a\000n\000\040\000M\000i\000x\000t\000u\000r\000e\000\040\000M\000o\000d\000e\000l}{section*.10}% 9
\BOOKMARK [2][-]{section*.12}{\376\377\000E\000M\000\040\000f\000o\000r\000\040\000C\000a\000t\000e\000g\000o\000r\000i\000c\000a\000l\000\040\000M\000i\000x\000t\000u\000r\000e\000\040\000M\000o\000d\000e\000l}{section*.10}% 10
\BOOKMARK [1][-]{section*.13}{\376\377\000A\000d\000v\000a\000n\000c\000e\000d\000\040\000H\000a\000r\000d\000-\000M\000a\000r\000g\000i\000n\000\040\000S\000V\000M\000\040\000w\000i\000t\000h\000\040\000D\000u\000a\000l\000\040\000P\000r\000o\000b\000l\000e\000m\000\040\000a\000n\000d\000\040\000K\000e\000r\000n\000e\000l\000\040\000M\000e\000t\000h\000o\000d\000s}{}% 11
\BOOKMARK [2][-]{section*.14}{\376\377\000P\000r\000i\000m\000a\000l\000\040\000F\000o\000r\000m\000u\000l\000a\000t\000i\000o\000n\000\040\000a\000n\000d\000\040\000G\000e\000o\000m\000e\000t\000r\000i\000c\000\040\000I\000n\000t\000e\000r\000p\000r\000e\000t\000a\000t\000i\000o\000n}{section*.13}% 12
\BOOKMARK [2][-]{section*.15}{\376\377\000D\000e\000r\000i\000v\000e\000\040\000t\000h\000e\000\040\000D\000u\000a\000l\000\040\000P\000r\000o\000b\000l\000e\000m\000\040\000f\000r\000o\000m\000\040\000t\000h\000e\000\040\000P\000r\000i\000m\000a\000l\000\040\000F\000o\000r\000m\000u\000l\000a\000t\000i\000o\000n}{section*.13}% 13
\BOOKMARK [2][-]{section*.16}{\376\377\000K\000K\000T\000\040\000C\000o\000n\000d\000i\000t\000i\000o\000n\000s\000\040\000a\000n\000d\000\040\000S\000u\000p\000p\000o\000r\000t\000\040\000V\000e\000c\000t\000o\000r\000s}{section*.13}% 14
\BOOKMARK [2][-]{section*.17}{\376\377\000K\000e\000r\000n\000e\000l\000\040\000T\000r\000i\000c\000k\000\040\000a\000n\000d\000\040\000D\000u\000a\000l\000\040\000P\000r\000o\000b\000l\000e\000m\000\040\000R\000e\000f\000o\000r\000m\000u\000l\000a\000t\000i\000o\000n}{section*.13}% 15
\BOOKMARK [2][-]{section*.18}{\376\377\000S\000o\000l\000v\000e\000\040\000t\000h\000e\000\040\000D\000u\000a\000l\000\040\000P\000r\000o\000b\000l\000e\000m\000\040\000a\000n\000d\000\040\000I\000n\000t\000e\000r\000p\000r\000e\000t\000\040\000t\000h\000e\000\040\000R\000e\000s\000u\000l\000t\000s}{section*.13}% 16
\BOOKMARK [1][-]{section*.19}{\376\377\000A\000d\000v\000a\000n\000c\000e\000d\000\040\000S\000o\000f\000t\000-\000M\000a\000r\000g\000i\000n\000\040\000S\000V\000M\000\040\000w\000i\000t\000h\000\040\000R\000e\000g\000u\000l\000a\000r\000i\000z\000a\000t\000i\000o\000n\000\040\000a\000n\000d\000\040\000K\000e\000r\000n\000e\000l\000\040\000M\000e\000t\000h\000o\000d\000s}{}% 17
\BOOKMARK [2][-]{section*.20}{\376\377\000P\000r\000i\000m\000a\000l\000\040\000F\000o\000r\000m\000u\000l\000a\000t\000i\000o\000n\000\040\000w\000i\000t\000h\000\040\000R\000e\000g\000u\000l\000a\000r\000i\000z\000a\000t\000i\000o\000n\000\040\000a\000n\000d\000\040\000S\000l\000a\000c\000k\000\040\000V\000a\000r\000i\000a\000b\000l\000e\000s}{section*.19}% 18
\BOOKMARK [2][-]{section*.21}{\376\377\000D\000e\000r\000i\000v\000e\000\040\000t\000h\000e\000\040\000D\000u\000a\000l\000\040\000P\000r\000o\000b\000l\000e\000m\000\040\000w\000i\000t\000h\000\040\000R\000e\000g\000u\000l\000a\000r\000i\000z\000a\000t\000i\000o\000n}{section*.19}% 19
\BOOKMARK [2][-]{section*.22}{\376\377\000R\000e\000a\000l\000-\000W\000o\000r\000l\000d\000\040\000A\000p\000p\000l\000i\000c\000a\000t\000i\000o\000n\000\040\000a\000n\000d\000\040\000P\000a\000r\000a\000m\000e\000t\000e\000r\000\040\000S\000e\000l\000e\000c\000t\000i\000o\000n}{section*.19}% 20
\BOOKMARK [2][-]{section*.23}{\376\377\000K\000e\000r\000n\000e\000l\000i\000z\000e\000d\000\040\000S\000o\000f\000t\000-\000M\000a\000r\000g\000i\000n\000\040\000S\000V\000M\000\040\000w\000i\000t\000h\000\040\000P\000o\000l\000y\000n\000o\000m\000i\000a\000l\000\040\000K\000e\000r\000n\000e\000l}{section*.19}% 21
\BOOKMARK [2][-]{section*.24}{\376\377\000M\000o\000d\000e\000l\000\040\000E\000v\000a\000l\000u\000a\000t\000i\000o\000n\000\040\000a\000n\000d\000\040\000I\000n\000t\000e\000r\000p\000r\000e\000t\000a\000t\000i\000o\000n}{section*.19}% 22
