\BOOKMARK [1][-]{section*.1}{\376\377\000D\000e\000s\000i\000g\000n\000\040\000a\000\040\000N\000e\000u\000r\000a\000l\000\040\000N\000e\000t\000w\000o\000r\000k}{}% 1
\BOOKMARK [1][-]{section*.2}{\376\377\000B\000a\000c\000k\000\040\000p\000r\000o\000p\000a\000g\000a\000t\000i\000o\000n\000\040\000i\000n\000\040\000C\000N\000N\000\040\000-\000\040\000C\000o\000n\000v\000o\000l\000u\000t\000i\000o\000n\000\040\000i\000n\000\040\000e\000a\000c\000h\000\040\000d\000i\000r\000e\000c\000t\000i\000o\000n\000!}{}% 2
\BOOKMARK [1][-]{section*.3}{\376\377\000B\000a\000c\000k\000\040\000p\000r\000o\000p\000a\000g\000a\000t\000i\000o\000n\000\040\000i\000n\000\040\000C\000N\000N\000\040\000-\000\040\000a\000n\000\040\000e\000x\000a\000m\000p\000l\000e}{}% 3
\BOOKMARK [1][-]{section*.4}{\376\377\000C\000N\000N\000s\000\040\000a\000r\000e\000\040\000u\000n\000i\000v\000e\000r\000s\000a\000l\000\040\000a\000p\000p\000r\000o\000x\000i\000m\000a\000t\000o\000r\000s}{}% 4
\BOOKMARK [1][-]{section*.5}{\376\377\000B\000a\000c\000k\000p\000r\000o\000p\000a\000g\000a\000t\000i\000o\000n\000\040\000A\000l\000g\000o\000r\000i\000t\000h\000m\0002}{}% 5
\BOOKMARK [1][-]{section*.6}{\376\377\000O\000p\000t\000i\000m\000i\000z\000i\000n\000g\000\040\000D\000e\000e\000p\000\040\000L\000e\000a\000r\000n\000i\000n\000g\000\040\000M\000o\000d\000e\000l\000s}{}% 6
\BOOKMARK [2][-]{section*.7}{\376\377\000M\000o\000m\000e\000n\000t\000u\000m\000\040\000i\000n\000\040\000O\000p\000t\000i\000m\000i\000z\000a\000t\000i\000o\000n}{section*.6}% 7
\BOOKMARK [2][-]{section*.8}{\376\377\000Q\000u\000e\000s\000t\000i\000o\000n\000s\000\040\0001}{section*.6}% 8
\BOOKMARK [2][-]{section*.9}{\376\377\000Q\000u\000e\000s\000t\000i\000o\000n\000s\000\040\0002}{section*.6}% 9
\BOOKMARK [2][-]{section*.10}{\376\377\000A\000d\000a\000m\000\040\000O\000p\000t\000i\000m\000i\000z\000e\000r}{section*.6}% 10
\BOOKMARK [2][-]{section*.11}{\376\377\000p\000a\000r\000t\000\040\0001}{section*.6}% 11
\BOOKMARK [2][-]{section*.12}{\376\377\000p\000a\000r\000t\000\040\0002}{section*.6}% 12
\BOOKMARK [1][-]{section*.13}{\376\377\000Q\000u\000a\000d\000r\000a\000t\000i\000c\000\040\000E\000r\000r\000o\000r\000\040\000F\000u\000n\000c\000t\000i\000o\000n}{}% 13
\BOOKMARK [1][-]{section*.14}{\376\377\000L\000S\000T\000M}{}% 14
\BOOKMARK [1][-]{section*.15}{\376\377\000G\000A\000N\000s}{}% 15
\BOOKMARK [2][-]{section*.16}{\376\377\000G\000A\000N\000s\000,\000\040\000a\000\040\000G\000a\000m\000e\000\040\000T\000h\000e\000o\000r\000e\000t\000i\000c\000\040\000A\000p\000p\000r\000o\000a\000c\000h}{section*.15}% 16
\BOOKMARK [2][-]{section*.17}{\376\377\000Q\000u\000e\000s\000t\000i\000o\000n\000\040\0001}{section*.15}% 17
\BOOKMARK [2][-]{section*.18}{\376\377\000Q\000u\000e\000s\000t\000i\000o\000n\000\040\0002}{section*.15}% 18
\BOOKMARK [2][-]{section*.19}{\376\377\000Q\000u\000e\000s\000t\000i\000o\000n\000\040\0003}{section*.15}% 19
\BOOKMARK [2][-]{section*.20}{\376\377\000G\000A\000N\000s\000,\000\040\000Y\000o\000u\000\040\000D\000o\000n\040\031\000t\000\040\000W\000a\000n\000t\000\040\000t\000o\000\040\000T\000r\000a\000i\000n\000\040\000T\000h\000e\000m\000!}{section*.15}% 20
\BOOKMARK [2][-]{section*.21}{\376\377\000Q\000u\000e\000s\000t\000i\000o\000n\000\040\0001}{section*.15}% 21
\BOOKMARK [2][-]{section*.22}{\376\377\000Q\000u\000e\000s\000t\000i\000o\000n\000\040\0002}{section*.15}% 22
\BOOKMARK [2][-]{section*.23}{\376\377\000Q\000u\000e\000s\000t\000i\000o\000n\000\040\0003}{section*.15}% 23
