\BOOKMARK [1][-]{section*.1}{\376\377\000A\000l\000l\000\040\000Y\000o\000u\000\040\000N\000e\000e\000d\000\040\000i\000s\000\040\000C\000o\000m\000b\000i\000n\000a\000t\000o\000r\000i\000c\000s\000\040}{}% 1
\BOOKMARK [2][-]{section*.2}{\376\377\000A\000\040\000s\000i\000m\000p\000l\000e\000\040\000R\000a\000n\000d\000o\000m\000\040\000W\000a\000l\000k}{section*.1}% 2
\BOOKMARK [2][-]{section*.4}{\376\377\000\040\000E\000v\000e\000r\000y\000t\000h\000i\000n\000g\000\040\000i\000s\000\040\000p\000o\000s\000s\000i\000b\000l\000e\000!}{section*.1}% 3
\BOOKMARK [2][-]{section*.5}{\376\377\000\040\000A\000\040\000n\000a\000i\000v\000e\000\040\000a\000l\000g\000o\000r\000i\000t\000h\000m}{section*.1}% 4
\BOOKMARK [2][-]{section*.6}{\376\377\000A\000\040\000l\000e\000s\000s\000\040\000n\000a\000i\000v\000e\000\040\000a\000l\000g\000o\000r\000i\000t\000h\000m}{section*.1}% 5
\BOOKMARK [2][-]{section*.7}{\376\377\000\040\000G\000a\000u\000s\000s\000i\000a\000n\000s\000\040\000e\000v\000e\000r\000y\000w\000h\000e\000r\000e}{section*.1}% 6
\BOOKMARK [1][-]{section*.8}{\376\377\000\040\000S\000t\000a\000t\000i\000s\000t\000i\000c\000s\000\040\000a\000n\000d\000\040\000o\000t\000h\000e\000r\000\040\000f\000r\000i\000e\000n\000d\000s}{}% 7
\BOOKMARK [2][-]{section*.9}{\376\377\000L\000L\000N\000\040\000a\000n\000d\000\040\000C\000L\000T}{section*.8}% 8
\BOOKMARK [2][-]{section*.10}{\376\377\000A\000s\000s\000u\000m\000p\000t\000i\000o\000n}{section*.8}% 9
\BOOKMARK [2][-]{section*.11}{\376\377\000A\000r\000e\000\040\000y\000o\000u\000\040\000s\000u\000r\000e\000\040\000a\000b\000o\000u\000t\000\040\000t\000h\000a\000t\000?}{section*.8}% 10
\BOOKMARK [2][-]{section*.12}{\376\377\000A\000n\000o\000t\000h\000e\000r\000\040\000A\000s\000s\000u\000m\000p\000t\000i\000o\000n}{section*.8}% 11
\BOOKMARK [2][-]{section*.13}{\376\377\000T\000i\000m\000e\000\040\000t\000o\000\040\000t\000a\000k\000e\000\040\000o\000u\000t\000\040\000y\000o\000u\000r\000\040\000p\000e\000n\000!}{section*.8}% 12
\BOOKMARK [1][-]{section*.14}{\376\377\000\040\000I\000t\000s\000\040\000a\000l\000l\000\040\000a\000b\000o\000u\000t\000\040\000T\000a\000i\000l\000s}{}% 13
\BOOKMARK [2][-]{section*.15}{\376\377\000N\000o\000t\000\040\000a\000\040\000v\000e\000r\000y\000\040\000h\000a\000r\000d\000\040\000i\000n\000e\000q\000u\000a\000l\000i\000t\000y}{section*.14}% 14
\BOOKMARK [2][-]{section*.16}{\376\377\000G\000a\000u\000s\000s\000i\000a\000n}{section*.14}% 15
\BOOKMARK [2][-]{section*.17}{\376\377\000U\000n\000d\000e\000r\000\040\000t\000h\000e\000\040\000G\000a\000u\000s\000s\000i\000a\000n\000!}{section*.14}% 16
\BOOKMARK [2][-]{section*.18}{\376\377\000E\000x\000p\000e\000c\000t\000a\000b\000l\000e}{section*.14}% 17
\BOOKMARK [2][-]{section*.19}{\376\377\000m\000u\000l\000t\000i\000v\000a\000r\000i\000a\000t\000e\000\040\000G\000a\000u\000s\000s\000i\000a\000n}{section*.14}% 18
\BOOKMARK [2][-]{section*.20}{\376\377\000C\000o\000n\000d\000i\000t\000i\000o\000n\000a\000l\000\040\000m\000u\000l\000t\000i\000v\000a\000r\000i\000a\000t\000e\000\040\000G\000a\000u\000s\000s\000i\000a\000n}{section*.14}% 19
\BOOKMARK [2][-]{section*.21}{\376\377\000G\000a\000u\000s\000s\000i\000a\000n\000\040\000M\000i\000x\000t\000u\000r\000e\000\040\000m\000o\000d\000e\000l\000s}{section*.14}% 20
\BOOKMARK [1][-]{section*.22}{\376\377\000E\000s\000t\000i\000m\000a\000t\000o\000r\000s\000\040\000a\000r\000e\000\040\000t\000h\000e\000\040\000K\000e\000y\000!}{}% 21
\BOOKMARK [2][-]{section*.23}{\376\377\000M\000L\000E\000\040\0001}{section*.22}% 22
\BOOKMARK [2][-]{section*.24}{\376\377\000M\000L\000E\000\040\0002}{section*.22}% 23
\BOOKMARK [2][-]{section*.25}{\376\377\000B\000i\000a\000s\000-\000V\000a\000r\000i\000a\000n\000c\000e}{section*.22}% 24
\BOOKMARK [2][-]{section*.26}{\376\377\000L\000i\000n\000e\000a\000r\000\040\000R\000e\000g\000r\000e\000s\000s\000i\000o\000n}{section*.22}% 25
\BOOKMARK [2][-]{section*.27}{\376\377\000B\000l\000i\000n\000d\000\040\000e\000s\000t\000i\000m\000a\000t\000i\000o\000n}{section*.22}% 26
\BOOKMARK [1][-]{section*.28}{\376\377\000E\000i\000g\000e\000n\000v\000a\000l\000u\000e\000s}{}% 27
\BOOKMARK [1][-]{section*.29}{\376\377\000S\000V\000D\000\040\000D\000e\000c\000o\000m\000p\000o\000s\000i\000t\000i\000o\000n}{}% 28
\BOOKMARK [2][-]{section*.30}{\376\377\000p\000s\000e\000u\000d\000o\000-\000i\000n\000v\000e\000r\000s\000e}{section*.29}% 29
\BOOKMARK [2][-]{section*.31}{\376\377\000S\000V\000D}{section*.29}% 30
\BOOKMARK [1][-]{section*.32}{\376\377\000V\000e\000c\000t\000o\000r\000\040\000d\000i\000f\000f\000e\000r\000e\000n\000t\000i\000a\000t\000i\000o\000n}{}% 31
\BOOKMARK [2][-]{section*.33}{\376\377\000s\000t\000a\000t\000e\000m\000e\000n\000t\000\040\0001}{section*.32}% 32
\BOOKMARK [2][-]{section*.34}{\376\377\000s\000t\000a\000t\000e\000m\000e\000n\000t\000\040\0002}{section*.32}% 33
\BOOKMARK [2][-]{section*.35}{\376\377\000G\000r\000a\000d\000i\000e\000n\000t\000\040\000w\000i\000t\000h\000o\000u\000t\000\040\000e\000x\000p\000l\000i\000c\000i\000t\000\040\000d\000i\000f\000f\000e\000r\000e\000n\000t\000i\000a\000t\000i\000o\000n\000!}{section*.32}% 34
\BOOKMARK [2][-]{section*.36}{\376\377\000\040\000G\000r\000a\000d\000i\000e\000n\000t\000\040\000w\000i\000t\000h\000o\000u\000t\000\040\000e\000x\000p\000l\000i\000c\000i\000t\000\040\000d\000i\000f\000f\000e\000r\000e\000n\000t\000i\000a\000t\000i\000o\000n\000!\000\040\000P\000a\000r\000t\000\040\0002}{section*.32}% 35
\BOOKMARK [1][-]{section*.37}{\376\377\000M\000a\000t\000r\000i\000x\000\040\000F\000r\000o\000b\000e\000n\000i\000u\000s\000\040\000N\000o\000r\000m}{}% 36
\BOOKMARK [2][-]{section*.38}{\376\377\000S\000t\000a\000t\000e\000m\000e\000n\000t\000\040\0001}{section*.37}% 37
\BOOKMARK [2][-]{section*.39}{\376\377\000S\000t\000a\000t\000e\000m\000e\000n\000t\000\040\0002}{section*.37}% 38
\BOOKMARK [2][-]{section*.40}{\376\377\000S\000t\000a\000t\000e\000m\000e\000n\000t\000\040\0003}{section*.37}% 39
\BOOKMARK [1][-]{section*.41}{\376\377\000R\000i\000g\000h\000t\000\040\000o\000r\000\040\000w\000r\000o\000n\000g\000!}{}% 40
\BOOKMARK [2][-]{section*.42}{\376\377\000s\000t\000a\000t\000e\000m\000e\000n\000t\000\040\0001}{section*.41}% 41
\BOOKMARK [2][-]{section*.43}{\376\377\000s\000t\000a\000t\000e\000m\000e\000n\000t\000\040\0002}{section*.41}% 42
\BOOKMARK [2][-]{section*.44}{\376\377\000s\000t\000a\000t\000e\000m\000e\000n\000t\000\040\0003}{section*.41}% 43
\BOOKMARK [1][-]{section*.45}{\376\377\000C\000a\000l\000c\000u\000l\000a\000t\000i\000n\000g\000\040\000n\000o\000r\000m\000a\000l\000i\000z\000e\000d\000\040\000e\000i\000g\000e\000n\000v\000e\000c\000t\000o\000r\000s\000\040\000f\000r\000o\000m\000\040\000e\000i\000g\000e\000n\000v\000a\000l\000u\000e\000s\000!\000\040}{}% 44
\BOOKMARK [2][-]{section*.46}{\376\377\000S\000t\000e\000p\000\040\0001}{section*.45}% 45
\BOOKMARK [2][-]{section*.47}{\376\377\000S\000t\000e\000p\000\040\0002}{section*.45}% 46
\BOOKMARK [2][-]{section*.48}{\376\377\000S\000t\000e\000p\000\040\0003}{section*.45}% 47
\BOOKMARK [2][-]{section*.49}{\376\377\000S\000t\000e\000p\000\040\0004}{section*.45}% 48
\BOOKMARK [1][-]{section*.50}{\376\377\000O\000p\000t\000i\000m\000i\000z\000a\000t\000i\000o\000n}{}% 49
\BOOKMARK [2][-]{section*.51}{\376\377\000s\000t\000e\000p\000\040\0001}{section*.50}% 50
\BOOKMARK [2][-]{section*.52}{\376\377\000s\000t\000e\000p\000\040\0002}{section*.50}% 51
