\BOOKMARK [1][-]{section*.1}{\376\377\000E\000a\000s\000y\000\040\000p\000e\000a\000s\000y\000\040\000l\000e\000m\000o\000n\000\040\000s\000q\000u\000e\000e\000z\000y}{}% 1
\BOOKMARK [2][-]{section*.2}{\376\377\000p\000a\000r\000t\000\040\0001}{section*.1}% 2
\BOOKMARK [2][-]{section*.3}{\376\377\000p\000a\000r\000t\000\040\0002}{section*.1}% 3
\BOOKMARK [1][-]{section*.4}{\376\377\000M\000u\000l\000t\000i\000-\000c\000l\000a\000s\000s\000\040\000L\000o\000g\000i\000s\000t\000i\000c\000\040\000R\000e\000g\000r\000e\000s\000s\000i\000o\000n}{}% 4
\BOOKMARK [2][-]{section*.5}{\376\377\000p\000a\000r\000t\000\040\0001}{section*.4}% 5
\BOOKMARK [2][-]{section*.6}{\376\377\000p\000a\000r\000t\000\040\0002}{section*.4}% 6
\BOOKMARK [2][-]{section*.7}{\376\377\000p\000a\000r\000t\000\040\0003}{section*.4}% 7
\BOOKMARK [2][-]{section*.9}{\376\377\000p\000a\000r\000t\000\040\0004}{section*.4}% 8
\BOOKMARK [2][-]{section*.10}{\376\377\000p\000a\000r\000t\000\040\0005}{section*.4}% 9
\BOOKMARK [2][-]{section*.11}{\376\377\000p\000a\000r\000t\000\040\0006}{section*.4}% 10
\BOOKMARK [1][-]{section*.12}{\376\377\000O\000v\000e\000r\000f\000i\000t\000t\000i\000n\000g\000\040\000a\000n\000d\000\040\000R\000e\000g\000u\000l\000a\000r\000i\000z\000e\000d\000\040\000L\000o\000g\000i\000s\000t\000i\000c\000\040\000R\000e\000g\000r\000e\000s\000s\000i\000o\000n}{}% 11
\BOOKMARK [2][-]{section*.13}{\376\377\000P\000a\000r\000t\000\040\0001}{section*.12}% 12
\BOOKMARK [2][-]{section*.15}{\376\377\000P\000a\000r\000t\000\040\0002}{section*.12}% 13
\BOOKMARK [1][-]{section*.16}{\376\377\000N\000a\000i\000v\000e\000\040\000B\000a\000y\000e\000s}{}% 14
\BOOKMARK [2][-]{section*.17}{\376\377\000p\000a\000r\000t\000\040\0001}{section*.16}% 15
\BOOKMARK [2][-]{section*.18}{\376\377\000p\000a\000r\000t\000\040\0002}{section*.16}% 16
\BOOKMARK [2][-]{section*.19}{\376\377\000p\000a\000r\000t\000\040\0003}{section*.16}% 17
\BOOKMARK [2][-]{section*.20}{\376\377\000p\000a\000r\000t\000\040\0004}{section*.16}% 18
\BOOKMARK [1][-]{section*.21}{\376\377\000L\000D\000A\000\040\000V\000s\000.\000\040\000L\000R}{}% 19
\BOOKMARK [2][-]{section*.22}{\376\377\000p\000a\000r\000t\000\040\0001}{section*.21}% 20
\BOOKMARK [2][-]{section*.23}{\376\377\000p\000a\000r\000t\000\040\0002}{section*.21}% 21
\BOOKMARK [2][-]{section*.24}{\376\377\000p\000a\000r\000t\000\040\0003}{section*.21}% 22
\BOOKMARK [1][-]{section*.25}{\376\377\000Q\000D\000A}{}% 23
\BOOKMARK [1][-]{section*.26}{\376\377\000H\000a\000n\000a}{}% 24
\BOOKMARK [1][-]{section*.27}{\376\377\000R\000i\000d\000g\000e\000\040\000R\000e\000g\000r\000e\000s\000s\000i\000o\000n}{}% 25
\BOOKMARK [2][-]{section*.28}{\376\377\000p\000a\000r\000t\000\040\0001}{section*.27}% 26
\BOOKMARK [2][-]{section*.29}{\376\377\000p\000a\000r\000t\000\040\0002}{section*.27}% 27
\BOOKMARK [1][-]{section*.30}{\376\377\000E\000s\000t\000i\000m\000a\000t\000e}{}% 28
\BOOKMARK [2][-]{section*.31}{\376\377\000P\000a\000r\000t\000\040\0001}{section*.30}% 29
\BOOKMARK [2][-]{section*.32}{\376\377\000P\000a\000r\000t\000\040\0002}{section*.30}% 30
\BOOKMARK [2][-]{section*.33}{\376\377\000P\000a\000r\000t\000\040\0003}{section*.30}% 31
